<?xml version="1.0" encoding="UTF-8"?>
<testng-results skipped="0" failed="0" ignored="1" total="2" passed="1">
  <reporter-output>
  </reporter-output>
  <suite name="Default suite" duration-ms="96" started-at="2022-07-18T10:48:43 IST" finished-at="2022-07-18T10:48:43 IST">
    <groups>
    </groups>
    <test name="Default test" duration-ms="96" started-at="2022-07-18T10:48:43 IST" finished-at="2022-07-18T10:48:43 IST">
      <class name="production.AishwaryaTest">
        <test-method status="PASS" signature="Run()[pri:0, instance:production.AishwaryaTest@544fa968]" name="Run" duration-ms="22" started-at="2022-07-18T10:48:43 IST" finished-at="2022-07-18T10:48:43 IST">
          <reporter-output>
          </reporter-output>
        </test-method> <!-- Run -->
      </class> <!-- production.AishwaryaTest -->
    </test> <!-- Default test -->
  </suite> <!-- Default suite -->
</testng-results>
